#
# A fatal error has been detected by the Java Runtime Environment:
#
#  SIGSEGV (0xb) at pc=0x00007f8bc0881f47, pid=15469, tid=15470
#
# JRE version: OpenJDK Runtime Environment (11.0.11+9) (build 11.0.11+9-Ubuntu-0ubuntu2.20.04)
# Java VM: OpenJDK 64-Bit Server VM (11.0.11+9-Ubuntu-0ubuntu2.20.04, mixed mode, sharing, tiered, compressed oops, g1 gc, linux-amd64)
# Problematic frame:
# j  Main.main([Ljava/lang/String;)V+56
#
# Core dump will be written. Default location: core.15469 (may not exist)
#
# If you would like to submit a bug report, please visit:
#   https://bugs.launchpad.net/ubuntu/+source/openjdk-lts
#

---------------  S U M M A R Y ------------

Command Line: -Xverify:none Main

Host: Intel(R) Core(TM) i5-7300HQ CPU @ 2.50GHz, 4 cores, 11G, Ubuntu 20.04.2 LTS
Time: Thu Jun 10 17:07:01 2021 CST elapsed time: 0.177796 seconds (0d 0h 0m 0s)

---------------  T H R E A D  ---------------

Current thread (0x00007f8bd8015800):  JavaThread "main" [_thread_in_Java, id=15470, stack(0x00007f8bde160000,0x00007f8bde261000)]

Stack: [0x00007f8bde160000,0x00007f8bde261000],  sp=0x00007f8bde25f6a0,  free space=1021k
Native frames: (J=compiled Java code, A=aot compiled Java code, j=interpreted, Vv=VM code, C=native code)
j  Main.main([Ljava/lang/String;)V+56
v  ~StubRoutines::call_stub
V  [libjvm.so+0x859b69]
V  [libjvm.so+0x8d4146]
V  [libjvm.so+0x8d6b00]
C  [libjli.so+0x5a6a]
C  [libjli.so+0x9ce1]


siginfo: si_signo: 11 (SIGSEGV), si_code: 1 (SEGV_MAPERR), si_addr: 0x00007f8b00000002

Register to memory mapping:

RAX=0x0 is NULL
RBX=0x0 is NULL
RCX=0x0000000000000004 is an unknown value
RDX=0x0000000000000013 is an unknown value
RSP=0x00007f8bde25f6a0 is pointing into the stack for thread: 0x00007f8bd8015800
RBP=0x00007f8bde25f6f0 is pointing into the stack for thread: 0x00007f8bd8015800
RSI=0x00007f8bde25f638 is pointing into the stack for thread: 0x00007f8bd8015800
RDI=0x0000000000000002 is an unknown value
R8 ={method} {0x000000080033f848} 'canEncode' '(I)Z' in 'java/lang/StringLatin1'
R9 =0x00007f8bd8014c70 points into unknown readable memory: 0x00007f8ba7c00340 | 40 03 c0 a7 8b 7f 00 00
R10=0x00007f8bdf866220: <offset 0x0000000001296220> in /usr/lib/jvm/java-11-openjdk-amd64/lib/server/libjvm.so at 0x00007f8bde5d0000
R11=0x0 is NULL
R12=0x0 is NULL
R13=0x00007f8ba7c00273 is pointing into metadata
R14=0x00007f8b00000002 is an unknown value
R15=0x00007f8bd8015800 is a thread


Registers:
RAX=0x0000000000000000, RBX=0x0000000000000000, RCX=0x0000000000000004, RDX=0x0000000000000013
RSP=0x00007f8bde25f6a0, RBP=0x00007f8bde25f6f0, RSI=0x00007f8bde25f638, RDI=0x0000000000000002
R8 =0x000000080033f848, R9 =0x00007f8bd8014c70, R10=0x00007f8bdf866220, R11=0x0000000000000000
R12=0x0000000000000000, R13=0x00007f8ba7c00273, R14=0x00007f8b00000002, R15=0x00007f8bd8015800
RIP=0x00007f8bc0881f47, EFLAGS=0x0000000000010246, CSGSFS=0x00000053002b0033, ERR=0x0000000000000000
  TRAPNO=0x0000000000000000

Top of Stack: (sp=0x00007f8bde25f6a0)
0x00007f8bde25f6a0:   0000000000000000 000000074dbe06e8
0x00007f8bde25f6b0:   00007f8ba7c00270 00007f8b00000002
0x00007f8bde25f6c0:   00007f8ba7c00398 0000000000000000
0x00007f8bde25f6d0:   000000074dbe0208 00007f8ba7c00340 

Instructions: (pc=0x00007f8bc0881f47)
0x00007f8bc0881e47:   83 ec 08 c5 fa 11 04 24 e9 2b 00 00 00 48 83 ec
0x00007f8bc0881e57:   10 c5 fb 11 04 24 e9 1d 00 00 00 48 83 ec 10 48
0x00007f8bc0881e67:   89 04 24 49 ba 00 00 00 00 00 00 00 00 4c 89 54
0x00007f8bc0881e77:   24 08 e9 01 00 00 00 50 41 0f b6 5d 01 48 f7 db
0x00007f8bc0881e87:   c4 c1 7b 10 44 de f8 41 0f b6 5d 02 49 83 c5 02
0x00007f8bc0881e97:   49 ba 20 52 86 df 8b 7f 00 00 41 ff 24 da 41 0f
0x00007f8bc0881ea7:   b7 5d 02 0f cb c1 eb 10 48 f7 db c4 c1 7b 10 44
0x00007f8bc0881eb7:   de f8 41 0f b6 5d 04 49 83 c5 04 49 ba 20 52 86
0x00007f8bc0881ec7:   df 8b 7f 00 00 41 ff 24 da 00 00 00 00 00 00 00
0x00007f8bc0881ed7:   00 00 00 00 00 00 00 00 00 c0 00 00 00 00 00 00
0x00007f8bc0881ee7:   00 d5 78 4e df 8b 7f 00 00 19 00 00 00 00 00 00
0x00007f8bc0881ef7:   00 00 00 00 00 00 00 00 00 50 e9 39 00 00 00 48
0x00007f8bc0881f07:   83 ec 08 c5 fa 11 04 24 e9 2b 00 00 00 48 83 ec
0x00007f8bc0881f17:   10 c5 fb 11 04 24 e9 1d 00 00 00 48 83 ec 10 48
0x00007f8bc0881f27:   89 04 24 49 ba 00 00 00 00 00 00 00 00 4c 89 54
0x00007f8bc0881f37:   24 08 e9 01 00 00 00 50 41 0f b6 5d 01 48 f7 db
0x00007f8bc0881f47:   49 8b 04 de 41 0f b6 5d 02 49 83 c5 02 49 ba 20
0x00007f8bc0881f57:   5a 86 df 8b 7f 00 00 41 ff 24 da 41 0f b7 5d 02
0x00007f8bc0881f67:   0f cb c1 eb 10 48 f7 db 49 8b 04 de 41 0f b6 5d
0x00007f8bc0881f77:   04 49 83 c5 04 49 ba 20 5a 86 df 8b 7f 00 00 41
0x00007f8bc0881f87:   ff 24 da 66 0f 1f 44 00 00 00 00 00 00 00 00 00
0x00007f8bc0881f97:   00 00 00 00 00 00 00 00 00 80 00 00 00 00 00 00
0x00007f8bc0881fa7:   00 20 78 4e df 8b 7f 00 00 1a 00 00 00 00 00 00
0x00007f8bc0881fb7:   00 00 00 00 00 00 00 00 00 50 e9 39 00 00 00 48
0x00007f8bc0881fc7:   83 ec 08 c5 fa 11 04 24 e9 2b 00 00 00 48 83 ec
0x00007f8bc0881fd7:   10 c5 fb 11 04 24 e9 1d 00 00 00 48 83 ec 10 48
0x00007f8bc0881fe7:   89 04 24 49 ba 00 00 00 00 00 00 00 00 4c 89 54
0x00007f8bc0881ff7:   24 08 e9 01 00 00 00 50 41 8b 06 41 0f b6 5d 01
0x00007f8bc0882007:   49 ff c5 49 ba 20 3a 86 df 8b 7f 00 00 41 ff 24
0x00007f8bc0882017:   da 00 00 00 00 00 00 00 00 80 00 00 00 00 00 00
0x00007f8bc0882027:   00 28 78 4e df 8b 7f 00 00 1b 00 00 00 00 00 00
0x00007f8bc0882037:   00 00 00 00 00 00 00 00 00 50 e9 39 00 00 00 48 


Stack slot to memory mapping:
stack at sp + 0 slots: 0x0 is NULL
stack at sp + 1 slots: 0x000000074dbe06e8 points into unknown readable memory: 0x0000000000000001 | 01 00 00 00 00 00 00 00
stack at sp + 2 slots: 0x00007f8ba7c00270 is pointing into metadata
stack at sp + 3 slots: 0x00007f8b00000002 is an unknown value
stack at sp + 4 slots: 0x00007f8ba7c00398 is pointing into metadata
stack at sp + 5 slots: 0x0 is NULL
stack at sp + 6 slots: 0x000000074dbe0208 points into unknown readable memory: 0x0000003cd1a2f101 | 01 f1 a2 d1 3c 00 00 00
stack at sp + 7 slots: {method} {0x00007f8ba7c00340} 'main' '([Ljava/lang/String;)V' in 'Main'

aload  25 aload  [0x00007f8bc0881f00, 0x00007f8bc0881fa0]  160 bytes

---------------  P R O C E S S  ---------------

Threads class SMR info:
_java_thread_list=0x00007f8bd81f1920, length=9, elements={
0x00007f8bd8015800, 0x00007f8bd816a800, 0x00007f8bd816c800, 0x00007f8bd8175000,
0x00007f8bd8177000, 0x00007f8bd8179000, 0x00007f8bd817b000, 0x00007f8bd817d000,
0x00007f8bd81f0000
}

Java Threads: ( => current thread )
=>0x00007f8bd8015800 JavaThread "main" [_thread_in_Java, id=15470, stack(0x00007f8bde160000,0x00007f8bde261000)]
  0x00007f8bd816a800 JavaThread "Reference Handler" daemon [_thread_blocked, id=15477, stack(0x00007f8bc0340000,0x00007f8bc0441000)]
  0x00007f8bd816c800 JavaThread "Finalizer" daemon [_thread_blocked, id=15478, stack(0x00007f8bc0230000,0x00007f8bc0331000)]
  0x00007f8bd8175000 JavaThread "Signal Dispatcher" daemon [_thread_blocked, id=15479, stack(0x00007f8ba7410000,0x00007f8ba7511000)]
  0x00007f8bd8177000 JavaThread "Service Thread" daemon [_thread_blocked, id=15480, stack(0x00007f8ba7300000,0x00007f8ba7401000)]
  0x00007f8bd8179000 JavaThread "C2 CompilerThread0" daemon [_thread_blocked, id=15481, stack(0x00007f8ba71f0000,0x00007f8ba72f1000)]
  0x00007f8bd817b000 JavaThread "C1 CompilerThread0" daemon [_thread_blocked, id=15482, stack(0x00007f8ba70e0000,0x00007f8ba71e1000)]
  0x00007f8bd817d000 JavaThread "Sweeper thread" daemon [_thread_blocked, id=15483, stack(0x00007f8ba6fd0000,0x00007f8ba70d1000)]
  0x00007f8bd81f0000 JavaThread "Common-Cleaner" daemon [_thread_blocked, id=15485, stack(0x00007f8ba6db0000,0x00007f8ba6eb1000)]

Other Threads:
  0x00007f8bd8167800 VMThread "VM Thread" [stack: 0x00007f8bc0452000,0x00007f8bc0552000] [id=15476]
  0x00007f8bd81ee000 WatcherThread [stack: 0x00007f8ba6ec2000,0x00007f8ba6fc2000] [id=15484]
  0x00007f8bd802d800 GCTaskThread "GC Thread#0" [stack: 0x00007f8bdddb2000,0x00007f8bddeb2000] [id=15471]
  0x00007f8bd8076800 ConcurrentGCThread "G1 Main Marker" [stack: 0x00007f8bdc5f2000,0x00007f8bdc6f2000] [id=15472]
  0x00007f8bd8078800 ConcurrentGCThread "G1 Conc#0" [stack: 0x00007f8bdc4e2000,0x00007f8bdc5e2000] [id=15473]
  0x00007f8bd812f000 ConcurrentGCThread "G1 Refine#0" [stack: 0x00007f8bc0762000,0x00007f8bc0862000] [id=15474]
  0x00007f8bd8131000 ConcurrentGCThread "G1 Young RemSet Sampling" [stack: 0x00007f8bc0652000,0x00007f8bc0752000] [id=15475]

Threads with active compile tasks:

VM state:not at safepoint (normal execution)

VM Mutex/Monitor currently owned by a thread: None

Heap address: 0x0000000741c00000, size: 3044 MB, Compressed Oops mode: Zero based, Oop shift amount: 3
Narrow klass base: 0x0000000800000000, Narrow klass shift: 3
Compressed class space size: 1073741824 Address: 0x0000000840000000

Heap:
 garbage-first heap   total 198656K, used 712K [0x0000000741c00000, 0x0000000800000000)
  region size 1024K, 1 young (1024K), 0 survivors (0K)
 Metaspace       used 198K, capacity 4486K, committed 4864K, reserved 1056768K
  class space    used 9K, capacity 386K, committed 512K, reserved 1048576K
Heap Regions: E=young(eden), S=young(survivor), O=old, HS=humongous(starts), HC=humongous(continues), CS=collection set, F=free, A=archive, TAMS=top-at-mark-start (previous, next)
|   0|0x0000000741c00000, 0x0000000741c00000, 0x0000000741d00000|  0%| F|  |TAMS 0x0000000741c00000, 0x0000000741c00000| Untracked 
|   1|0x0000000741d00000, 0x0000000741d00000, 0x0000000741e00000|  0%| F|  |TAMS 0x0000000741d00000, 0x0000000741d00000| Untracked 
|   2|0x0000000741e00000, 0x0000000741e00000, 0x0000000741f00000|  0%| F|  |TAMS 0x0000000741e00000, 0x0000000741e00000| Untracked 
|   3|0x0000000741f00000, 0x0000000741f00000, 0x0000000742000000|  0%| F|  |TAMS 0x0000000741f00000, 0x0000000741f00000| Untracked 
|   4|0x0000000742000000, 0x0000000742000000, 0x0000000742100000|  0%| F|  |TAMS 0x0000000742000000, 0x0000000742000000| Untracked 
|   5|0x0000000742100000, 0x0000000742100000, 0x0000000742200000|  0%| F|  |TAMS 0x0000000742100000, 0x0000000742100000| Untracked 
|   6|0x0000000742200000, 0x0000000742200000, 0x0000000742300000|  0%| F|  |TAMS 0x0000000742200000, 0x0000000742200000| Untracked 
|   7|0x0000000742300000, 0x0000000742300000, 0x0000000742400000|  0%| F|  |TAMS 0x0000000742300000, 0x0000000742300000| Untracked 
|   8|0x0000000742400000, 0x0000000742400000, 0x0000000742500000|  0%| F|  |TAMS 0x0000000742400000, 0x0000000742400000| Untracked 
|   9|0x0000000742500000, 0x0000000742500000, 0x0000000742600000|  0%| F|  |TAMS 0x0000000742500000, 0x0000000742500000| Untracked 
|  10|0x0000000742600000, 0x0000000742600000, 0x0000000742700000|  0%| F|  |TAMS 0x0000000742600000, 0x0000000742600000| Untracked 
|  11|0x0000000742700000, 0x0000000742700000, 0x0000000742800000|  0%| F|  |TAMS 0x0000000742700000, 0x0000000742700000| Untracked 
|  12|0x0000000742800000, 0x0000000742800000, 0x0000000742900000|  0%| F|  |TAMS 0x0000000742800000, 0x0000000742800000| Untracked 
|  13|0x0000000742900000, 0x0000000742900000, 0x0000000742a00000|  0%| F|  |TAMS 0x0000000742900000, 0x0000000742900000| Untracked 
|  14|0x0000000742a00000, 0x0000000742a00000, 0x0000000742b00000|  0%| F|  |TAMS 0x0000000742a00000, 0x0000000742a00000| Untracked 
|  15|0x0000000742b00000, 0x0000000742b00000, 0x0000000742c00000|  0%| F|  |TAMS 0x0000000742b00000, 0x0000000742b00000| Untracked 
|  16|0x0000000742c00000, 0x0000000742c00000, 0x0000000742d00000|  0%| F|  |TAMS 0x0000000742c00000, 0x0000000742c00000| Untracked 
|  17|0x0000000742d00000, 0x0000000742d00000, 0x0000000742e00000|  0%| F|  |TAMS 0x0000000742d00000, 0x0000000742d00000| Untracked 
|  18|0x0000000742e00000, 0x0000000742e00000, 0x0000000742f00000|  0%| F|  |TAMS 0x0000000742e00000, 0x0000000742e00000| Untracked 
|  19|0x0000000742f00000, 0x0000000742f00000, 0x0000000743000000|  0%| F|  |TAMS 0x0000000742f00000, 0x0000000742f00000| Untracked 
|  20|0x0000000743000000, 0x0000000743000000, 0x0000000743100000|  0%| F|  |TAMS 0x0000000743000000, 0x0000000743000000| Untracked 
|  21|0x0000000743100000, 0x0000000743100000, 0x0000000743200000|  0%| F|  |TAMS 0x0000000743100000, 0x0000000743100000| Untracked 
|  22|0x0000000743200000, 0x0000000743200000, 0x0000000743300000|  0%| F|  |TAMS 0x0000000743200000, 0x0000000743200000| Untracked 
|  23|0x0000000743300000, 0x0000000743300000, 0x0000000743400000|  0%| F|  |TAMS 0x0000000743300000, 0x0000000743300000| Untracked 
|  24|0x0000000743400000, 0x0000000743400000, 0x0000000743500000|  0%| F|  |TAMS 0x0000000743400000, 0x0000000743400000| Untracked 
|  25|0x0000000743500000, 0x0000000743500000, 0x0000000743600000|  0%| F|  |TAMS 0x0000000743500000, 0x0000000743500000| Untracked 
|  26|0x0000000743600000, 0x0000000743600000, 0x0000000743700000|  0%| F|  |TAMS 0x0000000743600000, 0x0000000743600000| Untracked 
|  27|0x0000000743700000, 0x0000000743700000, 0x0000000743800000|  0%| F|  |TAMS 0x0000000743700000, 0x0000000743700000| Untracked 
|  28|0x0000000743800000, 0x0000000743800000, 0x0000000743900000|  0%| F|  |TAMS 0x0000000743800000, 0x0000000743800000| Untracked 
|  29|0x0000000743900000, 0x0000000743900000, 0x0000000743a00000|  0%| F|  |TAMS 0x0000000743900000, 0x0000000743900000| Untracked 
|  30|0x0000000743a00000, 0x0000000743a00000, 0x0000000743b00000|  0%| F|  |TAMS 0x0000000743a00000, 0x0000000743a00000| Untracked 
|  31|0x0000000743b00000, 0x0000000743b00000, 0x0000000743c00000|  0%| F|  |TAMS 0x0000000743b00000, 0x0000000743b00000| Untracked 
|  32|0x0000000743c00000, 0x0000000743c00000, 0x0000000743d00000|  0%| F|  |TAMS 0x0000000743c00000, 0x0000000743c00000| Untracked 
|  33|0x0000000743d00000, 0x0000000743d00000, 0x0000000743e00000|  0%| F|  |TAMS 0x0000000743d00000, 0x0000000743d00000| Untracked 
|  34|0x0000000743e00000, 0x0000000743e00000, 0x0000000743f00000|  0%| F|  |TAMS 0x0000000743e00000, 0x0000000743e00000| Untracked 
|  35|0x0000000743f00000, 0x0000000743f00000, 0x0000000744000000|  0%| F|  |TAMS 0x0000000743f00000, 0x0000000743f00000| Untracked 
|  36|0x0000000744000000, 0x0000000744000000, 0x0000000744100000|  0%| F|  |TAMS 0x0000000744000000, 0x0000000744000000| Untracked 
|  37|0x0000000744100000, 0x0000000744100000, 0x0000000744200000|  0%| F|  |TAMS 0x0000000744100000, 0x0000000744100000| Untracked 
|  38|0x0000000744200000, 0x0000000744200000, 0x0000000744300000|  0%| F|  |TAMS 0x0000000744200000, 0x0000000744200000| Untracked 
|  39|0x0000000744300000, 0x0000000744300000, 0x0000000744400000|  0%| F|  |TAMS 0x0000000744300000, 0x0000000744300000| Untracked 
|  40|0x0000000744400000, 0x0000000744400000, 0x0000000744500000|  0%| F|  |TAMS 0x0000000744400000, 0x0000000744400000| Untracked 
|  41|0x0000000744500000, 0x0000000744500000, 0x0000000744600000|  0%| F|  |TAMS 0x0000000744500000, 0x0000000744500000| Untracked 
|  42|0x0000000744600000, 0x0000000744600000, 0x0000000744700000|  0%| F|  |TAMS 0x0000000744600000, 0x0000000744600000| Untracked 
|  43|0x0000000744700000, 0x0000000744700000, 0x0000000744800000|  0%| F|  |TAMS 0x0000000744700000, 0x0000000744700000| Untracked 
|  44|0x0000000744800000, 0x0000000744800000, 0x0000000744900000|  0%| F|  |TAMS 0x0000000744800000, 0x0000000744800000| Untracked 
|  45|0x0000000744900000, 0x0000000744900000, 0x0000000744a00000|  0%| F|  |TAMS 0x0000000744900000, 0x0000000744900000| Untracked 
|  46|0x0000000744a00000, 0x0000000744a00000, 0x0000000744b00000|  0%| F|  |TAMS 0x0000000744a00000, 0x0000000744a00000| Untracked 
|  47|0x0000000744b00000, 0x0000000744b00000, 0x0000000744c00000|  0%| F|  |TAMS 0x0000000744b00000, 0x0000000744b00000| Untracked 
|  48|0x0000000744c00000, 0x0000000744c00000, 0x0000000744d00000|  0%| F|  |TAMS 0x0000000744c00000, 0x0000000744c00000| Untracked 
|  49|0x0000000744d00000, 0x0000000744d00000, 0x0000000744e00000|  0%| F|  |TAMS 0x0000000744d00000, 0x0000000744d00000| Untracked 
|  50|0x0000000744e00000, 0x0000000744e00000, 0x0000000744f00000|  0%| F|  |TAMS 0x0000000744e00000, 0x0000000744e00000| Untracked 
|  51|0x0000000744f00000, 0x0000000744f00000, 0x0000000745000000|  0%| F|  |TAMS 0x0000000744f00000, 0x0000000744f00000| Untracked 
|  52|0x0000000745000000, 0x0000000745000000, 0x0000000745100000|  0%| F|  |TAMS 0x0000000745000000, 0x0000000745000000| Untracked 
|  53|0x0000000745100000, 0x0000000745100000, 0x0000000745200000|  0%| F|  |TAMS 0x0000000745100000, 0x0000000745100000| Untracked 
|  54|0x0000000745200000, 0x0000000745200000, 0x0000000745300000|  0%| F|  |TAMS 0x0000000745200000, 0x0000000745200000| Untracked 
|  55|0x0000000745300000, 0x0000000745300000, 0x0000000745400000|  0%| F|  |TAMS 0x0000000745300000, 0x0000000745300000| Untracked 
|  56|0x0000000745400000, 0x0000000745400000, 0x0000000745500000|  0%| F|  |TAMS 0x0000000745400000, 0x0000000745400000| Untracked 
|  57|0x0000000745500000, 0x0000000745500000, 0x0000000745600000|  0%| F|  |TAMS 0x0000000745500000, 0x0000000745500000| Untracked 
|  58|0x0000000745600000, 0x0000000745600000, 0x0000000745700000|  0%| F|  |TAMS 0x0000000745600000, 0x0000000745600000| Untracked 
|  59|0x0000000745700000, 0x0000000745700000, 0x0000000745800000|  0%| F|  |TAMS 0x0000000745700000, 0x0000000745700000| Untracked 
|  60|0x0000000745800000, 0x0000000745800000, 0x0000000745900000|  0%| F|  |TAMS 0x0000000745800000, 0x0000000745800000| Untracked 
|  61|0x0000000745900000, 0x0000000745900000, 0x0000000745a00000|  0%| F|  |TAMS 0x0000000745900000, 0x0000000745900000| Untracked 
|  62|0x0000000745a00000, 0x0000000745a00000, 0x0000000745b00000|  0%| F|  |TAMS 0x0000000745a00000, 0x0000000745a00000| Untracked 
|  63|0x0000000745b00000, 0x0000000745b00000, 0x0000000745c00000|  0%| F|  |TAMS 0x0000000745b00000, 0x0000000745b00000| Untracked 
|  64|0x0000000745c00000, 0x0000000745c00000, 0x0000000745d00000|  0%| F|  |TAMS 0x0000000745c00000, 0x0000000745c00000| Untracked 
|  65|0x0000000745d00000, 0x0000000745d00000, 0x0000000745e00000|  0%| F|  |TAMS 0x0000000745d00000, 0x0000000745d00000| Untracked 
|  66|0x0000000745e00000, 0x0000000745e00000, 0x0000000745f00000|  0%| F|  |TAMS 0x0000000745e00000, 0x0000000745e00000| Untracked 
|  67|0x0000000745f00000, 0x0000000745f00000, 0x0000000746000000|  0%| F|  |TAMS 0x0000000745f00000, 0x0000000745f00000| Untracked 
|  68|0x0000000746000000, 0x0000000746000000, 0x0000000746100000|  0%| F|  |TAMS 0x0000000746000000, 0x0000000746000000| Untracked 
|  69|0x0000000746100000, 0x0000000746100000, 0x0000000746200000|  0%| F|  |TAMS 0x0000000746100000, 0x0000000746100000| Untracked 
|  70|0x0000000746200000, 0x0000000746200000, 0x0000000746300000|  0%| F|  |TAMS 0x0000000746200000, 0x0000000746200000| Untracked 
|  71|0x0000000746300000, 0x0000000746300000, 0x0000000746400000|  0%| F|  |TAMS 0x0000000746300000, 0x0000000746300000| Untracked 
|  72|0x0000000746400000, 0x0000000746400000, 0x0000000746500000|  0%| F|  |TAMS 0x0000000746400000, 0x0000000746400000| Untracked 
|  73|0x0000000746500000, 0x0000000746500000, 0x0000000746600000|  0%| F|  |TAMS 0x0000000746500000, 0x0000000746500000| Untracked 
|  74|0x0000000746600000, 0x0000000746600000, 0x0000000746700000|  0%| F|  |TAMS 0x0000000746600000, 0x0000000746600000| Untracked 
|  75|0x0000000746700000, 0x0000000746700000, 0x0000000746800000|  0%| F|  |TAMS 0x0000000746700000, 0x0000000746700000| Untracked 
|  76|0x0000000746800000, 0x0000000746800000, 0x0000000746900000|  0%| F|  |TAMS 0x0000000746800000, 0x0000000746800000| Untracked 
|  77|0x0000000746900000, 0x0000000746900000, 0x0000000746a00000|  0%| F|  |TAMS 0x0000000746900000, 0x0000000746900000| Untracked 
|  78|0x0000000746a00000, 0x0000000746a00000, 0x0000000746b00000|  0%| F|  |TAMS 0x0000000746a00000, 0x0000000746a00000| Untracked 
|  79|0x0000000746b00000, 0x0000000746b00000, 0x0000000746c00000|  0%| F|  |TAMS 0x0000000746b00000, 0x0000000746b00000| Untracked 
|  80|0x0000000746c00000, 0x0000000746c00000, 0x0000000746d00000|  0%| F|  |TAMS 0x0000000746c00000, 0x0000000746c00000| Untracked 
|  81|0x0000000746d00000, 0x0000000746d00000, 0x0000000746e00000|  0%| F|  |TAMS 0x0000000746d00000, 0x0000000746d00000| Untracked 
|  82|0x0000000746e00000, 0x0000000746e00000, 0x0000000746f00000|  0%| F|  |TAMS 0x0000000746e00000, 0x0000000746e00000| Untracked 
|  83|0x0000000746f00000, 0x0000000746f00000, 0x0000000747000000|  0%| F|  |TAMS 0x0000000746f00000, 0x0000000746f00000| Untracked 
|  84|0x0000000747000000, 0x0000000747000000, 0x0000000747100000|  0%| F|  |TAMS 0x0000000747000000, 0x0000000747000000| Untracked 
|  85|0x0000000747100000, 0x0000000747100000, 0x0000000747200000|  0%| F|  |TAMS 0x0000000747100000, 0x0000000747100000| Untracked 
|  86|0x0000000747200000, 0x0000000747200000, 0x0000000747300000|  0%| F|  |TAMS 0x0000000747200000, 0x0000000747200000| Untracked 
|  87|0x0000000747300000, 0x0000000747300000, 0x0000000747400000|  0%| F|  |TAMS 0x0000000747300000, 0x0000000747300000| Untracked 
|  88|0x0000000747400000, 0x0000000747400000, 0x0000000747500000|  0%| F|  |TAMS 0x0000000747400000, 0x0000000747400000| Untracked 
|  89|0x0000000747500000, 0x0000000747500000, 0x0000000747600000|  0%| F|  |TAMS 0x0000000747500000, 0x0000000747500000| Untracked 
|  90|0x0000000747600000, 0x0000000747600000, 0x0000000747700000|  0%| F|  |TAMS 0x0000000747600000, 0x0000000747600000| Untracked 
|  91|0x0000000747700000, 0x0000000747700000, 0x0000000747800000|  0%| F|  |TAMS 0x0000000747700000, 0x0000000747700000| Untracked 
|  92|0x0000000747800000, 0x0000000747800000, 0x0000000747900000|  0%| F|  |TAMS 0x0000000747800000, 0x0000000747800000| Untracked 
|  93|0x0000000747900000, 0x0000000747900000, 0x0000000747a00000|  0%| F|  |TAMS 0x0000000747900000, 0x0000000747900000| Untracked 
|  94|0x0000000747a00000, 0x0000000747a00000, 0x0000000747b00000|  0%| F|  |TAMS 0x0000000747a00000, 0x0000000747a00000| Untracked 
|  95|0x0000000747b00000, 0x0000000747b00000, 0x0000000747c00000|  0%| F|  |TAMS 0x0000000747b00000, 0x0000000747b00000| Untracked 
|  96|0x0000000747c00000, 0x0000000747c00000, 0x0000000747d00000|  0%| F|  |TAMS 0x0000000747c00000, 0x0000000747c00000| Untracked 
|  97|0x0000000747d00000, 0x0000000747d00000, 0x0000000747e00000|  0%| F|  |TAMS 0x0000000747d00000, 0x0000000747d00000| Untracked 
|  98|0x0000000747e00000, 0x0000000747e00000, 0x0000000747f00000|  0%| F|  |TAMS 0x0000000747e00000, 0x0000000747e00000| Untracked 
|  99|0x0000000747f00000, 0x0000000747f00000, 0x0000000748000000|  0%| F|  |TAMS 0x0000000747f00000, 0x0000000747f00000| Untracked 
| 100|0x0000000748000000, 0x0000000748000000, 0x0000000748100000|  0%| F|  |TAMS 0x0000000748000000, 0x0000000748000000| Untracked 
| 101|0x0000000748100000, 0x0000000748100000, 0x0000000748200000|  0%| F|  |TAMS 0x0000000748100000, 0x0000000748100000| Untracked 
| 102|0x0000000748200000, 0x0000000748200000, 0x0000000748300000|  0%| F|  |TAMS 0x0000000748200000, 0x0000000748200000| Untracked 
| 103|0x0000000748300000, 0x0000000748300000, 0x0000000748400000|  0%| F|  |TAMS 0x0000000748300000, 0x0000000748300000| Untracked 
| 104|0x0000000748400000, 0x0000000748400000, 0x0000000748500000|  0%| F|  |TAMS 0x0000000748400000, 0x0000000748400000| Untracked 
| 105|0x0000000748500000, 0x0000000748500000, 0x0000000748600000|  0%| F|  |TAMS 0x0000000748500000, 0x0000000748500000| Untracked 
| 106|0x0000000748600000, 0x0000000748600000, 0x0000000748700000|  0%| F|  |TAMS 0x0000000748600000, 0x0000000748600000| Untracked 
| 107|0x0000000748700000, 0x0000000748700000, 0x0000000748800000|  0%| F|  |TAMS 0x0000000748700000, 0x0000000748700000| Untracked 
| 108|0x0000000748800000, 0x0000000748800000, 0x0000000748900000|  0%| F|  |TAMS 0x0000000748800000, 0x0000000748800000| Untracked 
| 109|0x0000000748900000, 0x0000000748900000, 0x0000000748a00000|  0%| F|  |TAMS 0x0000000748900000, 0x0000000748900000| Untracked 
| 110|0x0000000748a00000, 0x0000000748a00000, 0x0000000748b00000|  0%| F|  |TAMS 0x0000000748a00000, 0x0000000748a00000| Untracked 
| 111|0x0000000748b00000, 0x0000000748b00000, 0x0000000748c00000|  0%| F|  |TAMS 0x0000000748b00000, 0x0000000748b00000| Untracked 
| 112|0x0000000748c00000, 0x0000000748c00000, 0x0000000748d00000|  0%| F|  |TAMS 0x0000000748c00000, 0x0000000748c00000| Untracked 
| 113|0x0000000748d00000, 0x0000000748d00000, 0x0000000748e00000|  0%| F|  |TAMS 0x0000000748d00000, 0x0000000748d00000| Untracked 
| 114|0x0000000748e00000, 0x0000000748e00000, 0x0000000748f00000|  0%| F|  |TAMS 0x0000000748e00000, 0x0000000748e00000| Untracked 
| 115|0x0000000748f00000, 0x0000000748f00000, 0x0000000749000000|  0%| F|  |TAMS 0x0000000748f00000, 0x0000000748f00000| Untracked 
| 116|0x0000000749000000, 0x0000000749000000, 0x0000000749100000|  0%| F|  |TAMS 0x0000000749000000, 0x0000000749000000| Untracked 
| 117|0x0000000749100000, 0x0000000749100000, 0x0000000749200000|  0%| F|  |TAMS 0x0000000749100000, 0x0000000749100000| Untracked 
| 118|0x0000000749200000, 0x0000000749200000, 0x0000000749300000|  0%| F|  |TAMS 0x0000000749200000, 0x0000000749200000| Untracked 
| 119|0x0000000749300000, 0x0000000749300000, 0x0000000749400000|  0%| F|  |TAMS 0x0000000749300000, 0x0000000749300000| Untracked 
| 120|0x0000000749400000, 0x0000000749400000, 0x0000000749500000|  0%| F|  |TAMS 0x0000000749400000, 0x0000000749400000| Untracked 
| 121|0x0000000749500000, 0x0000000749500000, 0x0000000749600000|  0%| F|  |TAMS 0x0000000749500000, 0x0000000749500000| Untracked 
| 122|0x0000000749600000, 0x0000000749600000, 0x0000000749700000|  0%| F|  |TAMS 0x0000000749600000, 0x0000000749600000| Untracked 
| 123|0x0000000749700000, 0x0000000749700000, 0x0000000749800000|  0%| F|  |TAMS 0x0000000749700000, 0x0000000749700000| Untracked 
| 124|0x0000000749800000, 0x0000000749800000, 0x0000000749900000|  0%| F|  |TAMS 0x0000000749800000, 0x0000000749800000| Untracked 
| 125|0x0000000749900000, 0x0000000749900000, 0x0000000749a00000|  0%| F|  |TAMS 0x0000000749900000, 0x0000000749900000| Untracked 
| 126|0x0000000749a00000, 0x0000000749a00000, 0x0000000749b00000|  0%| F|  |TAMS 0x0000000749a00000, 0x0000000749a00000| Untracked 
| 127|0x0000000749b00000, 0x0000000749b00000, 0x0000000749c00000|  0%| F|  |TAMS 0x0000000749b00000, 0x0000000749b00000| Untracked 
| 128|0x0000000749c00000, 0x0000000749c00000, 0x0000000749d00000|  0%| F|  |TAMS 0x0000000749c00000, 0x0000000749c00000| Untracked 
| 129|0x0000000749d00000, 0x0000000749d00000, 0x0000000749e00000|  0%| F|  |TAMS 0x0000000749d00000, 0x0000000749d00000| Untracked 
| 130|0x0000000749e00000, 0x0000000749e00000, 0x0000000749f00000|  0%| F|  |TAMS 0x0000000749e00000, 0x0000000749e00000| Untracked 
| 131|0x0000000749f00000, 0x0000000749f00000, 0x000000074a000000|  0%| F|  |TAMS 0x0000000749f00000, 0x0000000749f00000| Untracked 
| 132|0x000000074a000000, 0x000000074a000000, 0x000000074a100000|  0%| F|  |TAMS 0x000000074a000000, 0x000000074a000000| Untracked 
| 133|0x000000074a100000, 0x000000074a100000, 0x000000074a200000|  0%| F|  |TAMS 0x000000074a100000, 0x000000074a100000| Untracked 
| 134|0x000000074a200000, 0x000000074a200000, 0x000000074a300000|  0%| F|  |TAMS 0x000000074a200000, 0x000000074a200000| Untracked 
| 135|0x000000074a300000, 0x000000074a300000, 0x000000074a400000|  0%| F|  |TAMS 0x000000074a300000, 0x000000074a300000| Untracked 
| 136|0x000000074a400000, 0x000000074a400000, 0x000000074a500000|  0%| F|  |TAMS 0x000000074a400000, 0x000000074a400000| Untracked 
| 137|0x000000074a500000, 0x000000074a500000, 0x000000074a600000|  0%| F|  |TAMS 0x000000074a500000, 0x000000074a500000| Untracked 
| 138|0x000000074a600000, 0x000000074a600000, 0x000000074a700000|  0%| F|  |TAMS 0x000000074a600000, 0x000000074a600000| Untracked 
| 139|0x000000074a700000, 0x000000074a700000, 0x000000074a800000|  0%| F|  |TAMS 0x000000074a700000, 0x000000074a700000| Untracked 
| 140|0x000000074a800000, 0x000000074a800000, 0x000000074a900000|  0%| F|  |TAMS 0x000000074a800000, 0x000000074a800000| Untracked 
| 141|0x000000074a900000, 0x000000074a900000, 0x000000074aa00000|  0%| F|  |TAMS 0x000000074a900000, 0x000000074a900000| Untracked 
| 142|0x000000074aa00000, 0x000000074aa00000, 0x000000074ab00000|  0%| F|  |TAMS 0x000000074aa00000, 0x000000074aa00000| Untracked 
| 143|0x000000074ab00000, 0x000000074ab00000, 0x000000074ac00000|  0%| F|  |TAMS 0x000000074ab00000, 0x000000074ab00000| Untracked 
| 144|0x000000074ac00000, 0x000000074ac00000, 0x000000074ad00000|  0%| F|  |TAMS 0x000000074ac00000, 0x000000074ac00000| Untracked 
| 145|0x000000074ad00000, 0x000000074ad00000, 0x000000074ae00000|  0%| F|  |TAMS 0x000000074ad00000, 0x000000074ad00000| Untracked 
| 146|0x000000074ae00000, 0x000000074ae00000, 0x000000074af00000|  0%| F|  |TAMS 0x000000074ae00000, 0x000000074ae00000| Untracked 
| 147|0x000000074af00000, 0x000000074af00000, 0x000000074b000000|  0%| F|  |TAMS 0x000000074af00000, 0x000000074af00000| Untracked 
| 148|0x000000074b000000, 0x000000074b000000, 0x000000074b100000|  0%| F|  |TAMS 0x000000074b000000, 0x000000074b000000| Untracked 
| 149|0x000000074b100000, 0x000000074b100000, 0x000000074b200000|  0%| F|  |TAMS 0x000000074b100000, 0x000000074b100000| Untracked 
| 150|0x000000074b200000, 0x000000074b200000, 0x000000074b300000|  0%| F|  |TAMS 0x000000074b200000, 0x000000074b200000| Untracked 
| 151|0x000000074b300000, 0x000000074b300000, 0x000000074b400000|  0%| F|  |TAMS 0x000000074b300000, 0x000000074b300000| Untracked 
| 152|0x000000074b400000, 0x000000074b400000, 0x000000074b500000|  0%| F|  |TAMS 0x000000074b400000, 0x000000074b400000| Untracked 
| 153|0x000000074b500000, 0x000000074b500000, 0x000000074b600000|  0%| F|  |TAMS 0x000000074b500000, 0x000000074b500000| Untracked 
| 154|0x000000074b600000, 0x000000074b600000, 0x000000074b700000|  0%| F|  |TAMS 0x000000074b600000, 0x000000074b600000| Untracked 
| 155|0x000000074b700000, 0x000000074b700000, 0x000000074b800000|  0%| F|  |TAMS 0x000000074b700000, 0x000000074b700000| Untracked 
| 156|0x000000074b800000, 0x000000074b800000, 0x000000074b900000|  0%| F|  |TAMS 0x000000074b800000, 0x000000074b800000| Untracked 
| 157|0x000000074b900000, 0x000000074b900000, 0x000000074ba00000|  0%| F|  |TAMS 0x000000074b900000, 0x000000074b900000| Untracked 
| 158|0x000000074ba00000, 0x000000074ba00000, 0x000000074bb00000|  0%| F|  |TAMS 0x000000074ba00000, 0x000000074ba00000| Untracked 
| 159|0x000000074bb00000, 0x000000074bb00000, 0x000000074bc00000|  0%| F|  |TAMS 0x000000074bb00000, 0x000000074bb00000| Untracked 
| 160|0x000000074bc00000, 0x000000074bc00000, 0x000000074bd00000|  0%| F|  |TAMS 0x000000074bc00000, 0x000000074bc00000| Untracked 
| 161|0x000000074bd00000, 0x000000074bd00000, 0x000000074be00000|  0%| F|  |TAMS 0x000000074bd00000, 0x000000074bd00000| Untracked 
| 162|0x000000074be00000, 0x000000074be00000, 0x000000074bf00000|  0%| F|  |TAMS 0x000000074be00000, 0x000000074be00000| Untracked 
| 163|0x000000074bf00000, 0x000000074bf00000, 0x000000074c000000|  0%| F|  |TAMS 0x000000074bf00000, 0x000000074bf00000| Untracked 
| 164|0x000000074c000000, 0x000000074c000000, 0x000000074c100000|  0%| F|  |TAMS 0x000000074c000000, 0x000000074c000000| Untracked 
| 165|0x000000074c100000, 0x000000074c100000, 0x000000074c200000|  0%| F|  |TAMS 0x000000074c100000, 0x000000074c100000| Untracked 
| 166|0x000000074c200000, 0x000000074c200000, 0x000000074c300000|  0%| F|  |TAMS 0x000000074c200000, 0x000000074c200000| Untracked 
| 167|0x000000074c300000, 0x000000074c300000, 0x000000074c400000|  0%| F|  |TAMS 0x000000074c300000, 0x000000074c300000| Untracked 
| 168|0x000000074c400000, 0x000000074c400000, 0x000000074c500000|  0%| F|  |TAMS 0x000000074c400000, 0x000000074c400000| Untracked 
| 169|0x000000074c500000, 0x000000074c500000, 0x000000074c600000|  0%| F|  |TAMS 0x000000074c500000, 0x000000074c500000| Untracked 
| 170|0x000000074c600000, 0x000000074c600000, 0x000000074c700000|  0%| F|  |TAMS 0x000000074c600000, 0x000000074c600000| Untracked 
| 171|0x000000074c700000, 0x000000074c700000, 0x000000074c800000|  0%| F|  |TAMS 0x000000074c700000, 0x000000074c700000| Untracked 
| 172|0x000000074c800000, 0x000000074c800000, 0x000000074c900000|  0%| F|  |TAMS 0x000000074c800000, 0x000000074c800000| Untracked 
| 173|0x000000074c900000, 0x000000074c900000, 0x000000074ca00000|  0%| F|  |TAMS 0x000000074c900000, 0x000000074c900000| Untracked 
| 174|0x000000074ca00000, 0x000000074ca00000, 0x000000074cb00000|  0%| F|  |TAMS 0x000000074ca00000, 0x000000074ca00000| Untracked 
| 175|0x000000074cb00000, 0x000000074cb00000, 0x000000074cc00000|  0%| F|  |TAMS 0x000000074cb00000, 0x000000074cb00000| Untracked 
| 176|0x000000074cc00000, 0x000000074cc00000, 0x000000074cd00000|  0%| F|  |TAMS 0x000000074cc00000, 0x000000074cc00000| Untracked 
| 177|0x000000074cd00000, 0x000000074cd00000, 0x000000074ce00000|  0%| F|  |TAMS 0x000000074cd00000, 0x000000074cd00000| Untracked 
| 178|0x000000074ce00000, 0x000000074ce00000, 0x000000074cf00000|  0%| F|  |TAMS 0x000000074ce00000, 0x000000074ce00000| Untracked 
| 179|0x000000074cf00000, 0x000000074cf00000, 0x000000074d000000|  0%| F|  |TAMS 0x000000074cf00000, 0x000000074cf00000| Untracked 
| 180|0x000000074d000000, 0x000000074d000000, 0x000000074d100000|  0%| F|  |TAMS 0x000000074d000000, 0x000000074d000000| Untracked 
| 181|0x000000074d100000, 0x000000074d100000, 0x000000074d200000|  0%| F|  |TAMS 0x000000074d100000, 0x000000074d100000| Untracked 
| 182|0x000000074d200000, 0x000000074d200000, 0x000000074d300000|  0%| F|  |TAMS 0x000000074d200000, 0x000000074d200000| Untracked 
| 183|0x000000074d300000, 0x000000074d300000, 0x000000074d400000|  0%| F|  |TAMS 0x000000074d300000, 0x000000074d300000| Untracked 
| 184|0x000000074d400000, 0x000000074d400000, 0x000000074d500000|  0%| F|  |TAMS 0x000000074d400000, 0x000000074d400000| Untracked 
| 185|0x000000074d500000, 0x000000074d500000, 0x000000074d600000|  0%| F|  |TAMS 0x000000074d500000, 0x000000074d500000| Untracked 
| 186|0x000000074d600000, 0x000000074d600000, 0x000000074d700000|  0%| F|  |TAMS 0x000000074d600000, 0x000000074d600000| Untracked 
| 187|0x000000074d700000, 0x000000074d700000, 0x000000074d800000|  0%| F|  |TAMS 0x000000074d700000, 0x000000074d700000| Untracked 
| 188|0x000000074d800000, 0x000000074d800000, 0x000000074d900000|  0%| F|  |TAMS 0x000000074d800000, 0x000000074d800000| Untracked 
| 189|0x000000074d900000, 0x000000074d900000, 0x000000074da00000|  0%| F|  |TAMS 0x000000074d900000, 0x000000074d900000| Untracked 
| 190|0x000000074da00000, 0x000000074da00000, 0x000000074db00000|  0%| F|  |TAMS 0x000000074da00000, 0x000000074da00000| Untracked 
| 191|0x000000074db00000, 0x000000074dc00000, 0x000000074dc00000|100%| E|  |TAMS 0x000000074db00000, 0x000000074db00000| Complete 
|2018|0x00000007bfe00000, 0x00000007bfe47000, 0x00000007bff00000| 27%|OA|  |TAMS 0x00000007bfe00000, 0x00000007bfe00000| Untracked 
|2019|0x00000007bff00000, 0x00000007bff6b000, 0x00000007c0000000| 41%|CA|  |TAMS 0x00000007bff00000, 0x00000007bff00000| Untracked 

Card table byte_map: [0x00007f8bdcd70000,0x00007f8bdd362000] _byte_map_base: 0x00007f8bd9362000

Marking Bits (Prev, Next): (CMBitMap*) 0x00007f8bd8069a48, (CMBitMap*) 0x00007f8bd8069a80
 Prev Bits: [0x00007f8bb9070000, 0x00007f8bbc000000)
 Next Bits: [0x00007f8bb60e0000, 0x00007f8bb9070000)

Polling page: 0x00007f8bde0e0000

Metaspace:

Usage:
  Non-class:      4.00 MB capacity,   189.67 KB (  5%) used,     3.82 MB ( 95%) free+waste,   128 bytes ( <1%) overhead. 
      Class:    386.00 KB capacity,     9.09 KB (  2%) used,   376.79 KB ( 98%) free+waste,   128 bytes ( <1%) overhead. 
       Both:      4.38 MB capacity,   198.76 KB (  4%) used,     4.19 MB ( 96%) free+waste,   256 bytes ( <1%) overhead. 

Virtual space:
  Non-class space:        8.00 MB reserved,       4.25 MB ( 53%) committed 
      Class space:        1.00 GB reserved,     512.00 KB ( <1%) committed 
             Both:        1.01 GB reserved,       4.75 MB ( <1%) committed 

Chunk freelists:
   Non-Class:  0 bytes
       Class:  0 bytes
        Both:  0 bytes

MaxMetaspaceSize: unlimited
CompressedClassSpaceSize: 1.00 GB

CodeHeap 'non-profiled nmethods': size=120032Kb used=14Kb max_used=14Kb free=120017Kb
 bounds [0x00007f8bc8338000, 0x00007f8bc85a8000, 0x00007f8bcf870000]
CodeHeap 'profiled nmethods': size=120032Kb used=82Kb max_used=82Kb free=119949Kb
 bounds [0x00007f8bc0e00000, 0x00007f8bc1070000, 0x00007f8bc8338000]
CodeHeap 'non-nmethods': size=5696Kb used=987Kb max_used=997Kb free=4708Kb
 bounds [0x00007f8bc0870000, 0x00007f8bc0ae0000, 0x00007f8bc0e00000]
 total_blobs=306 nmethods=60 adapters=159
 compilation: enabled
              stopped_count=0, restarted_count=0
 full_count=0

Compilation events (20 events):
Event: 0.060 Thread 0x00007f8bd817b000 nmethod 49 0x00007f8bc0e0fb10 code [0x00007f8bc0e0fde0, 0x00007f8bc0e11380]
Event: 0.060 Thread 0x00007f8bd817b000   47       1       java.lang.module.ModuleDescriptor::isOpen (5 bytes)
Event: 0.061 Thread 0x00007f8bd817b000 nmethod 47 0x00007f8bc833af90 code [0x00007f8bc833b140, 0x00007f8bc833b210]
Event: 0.061 Thread 0x00007f8bd817b000   50       3       jdk.internal.module.ModuleBootstrap$2::hasNext (30 bytes)
Event: 0.061 Thread 0x00007f8bd817b000 nmethod 50 0x00007f8bc0e11810 code [0x00007f8bc0e119e0, 0x00007f8bc0e11d30]
Event: 0.061 Thread 0x00007f8bd8179000 nmethod 56 0x00007f8bc833b290 code [0x00007f8bc833b420, 0x00007f8bc833b4b8]
Event: 0.061 Thread 0x00007f8bd817b000   51       3       jdk.internal.module.ModuleBootstrap$2::next (52 bytes)
Event: 0.061 Thread 0x00007f8bd817b000 nmethod 51 0x00007f8bc0e11e10 code [0x00007f8bc0e12020, 0x00007f8bc0e125a0]
Event: 0.061 Thread 0x00007f8bd817b000   52       3       java.util.HashMap::putIfAbsent (13 bytes)
Event: 0.061 Thread 0x00007f8bd817b000 nmethod 52 0x00007f8bc0e12710 code [0x00007f8bc0e128e0, 0x00007f8bc0e12bf0]
Event: 0.061 Thread 0x00007f8bd817b000   45       3       java.util.HashSet::add (20 bytes)
Event: 0.062 Thread 0x00007f8bd817b000 nmethod 45 0x00007f8bc0e12d10 code [0x00007f8bc0e12f00, 0x00007f8bc0e13370]
Event: 0.062 Thread 0x00007f8bd817b000   54       1       java.lang.Module::getDescriptor (5 bytes)
Event: 0.062 Thread 0x00007f8bd817b000 nmethod 54 0x00007f8bc833b590 code [0x00007f8bc833b740, 0x00007f8bc833b810]
Event: 0.064 Thread 0x00007f8bd817b000   57       3       java.lang.String::charAt (25 bytes)
Event: 0.064 Thread 0x00007f8bd817b000 nmethod 57 0x00007f8bc0e13510 code [0x00007f8bc0e13720, 0x00007f8bc0e13c50]
Event: 0.064 Thread 0x00007f8bd817b000   58       3       java.lang.StringLatin1::charAt (28 bytes)
Event: 0.064 Thread 0x00007f8bd817b000 nmethod 58 0x00007f8bc0e13e90 code [0x00007f8bc0e14060, 0x00007f8bc0e14240]
Event: 0.064 Thread 0x00007f8bd817b000   59       3       java.lang.CharacterDataLatin1::getProperties (11 bytes)
Event: 0.064 Thread 0x00007f8bd817b000 nmethod 59 0x00007f8bc0e14310 code [0x00007f8bc0e144c0, 0x00007f8bc0e14610]

GC Heap History (0 events):
No events

Deoptimization events (0 events):
No events

Classes redefined (0 events):
No events

Internal exceptions (0 events):
No events

Events (20 events):
Event: 0.062 loading class jdk/internal/loader/URLClassPath$FileLoader
Event: 0.062 loading class jdk/internal/loader/URLClassPath$FileLoader done
Event: 0.063 loading class sun/nio/cs/ThreadLocalCoders
Event: 0.063 loading class sun/nio/cs/ThreadLocalCoders done
Event: 0.063 loading class sun/nio/cs/ThreadLocalCoders$1
Event: 0.063 loading class sun/nio/cs/ThreadLocalCoders$Cache
Event: 0.063 loading class sun/nio/cs/ThreadLocalCoders$Cache done
Event: 0.063 loading class sun/nio/cs/ThreadLocalCoders$1 done
Event: 0.063 loading class sun/nio/cs/ThreadLocalCoders$2
Event: 0.063 loading class sun/nio/cs/ThreadLocalCoders$2 done
Event: 0.063 loading class sun/nio/cs/UTF_8$Decoder
Event: 0.063 loading class java/nio/charset/CharsetDecoder
Event: 0.063 loading class java/nio/charset/CharsetDecoder done
Event: 0.063 loading class sun/nio/cs/UTF_8$Decoder done
Event: 0.064 loading class jdk/internal/loader/URLClassPath$FileLoader$1
Event: 0.064 loading class jdk/internal/loader/URLClassPath$FileLoader$1 done
Event: 0.065 Thread 0x00007f8bd81f0000 Thread added: 0x00007f8bd81f0000
Event: 0.066 Protecting memory [0x00007f8ba6db0000,0x00007f8ba6db4000] with protection modes 0
Event: 0.066 Executing VM operation: RevokeBias
Event: 0.066 Executing VM operation: RevokeBias done


Dynamic libraries:
741c00000-74dc00000 rw-p 00000000 00:00 0
74dc00000-7bfe00000 ---p 00000000 00:00 0
7bfe00000-7bfe47000 rw-p 01111000 00:00 274701                   /usr/lib/jvm/java-11-openjdk-amd64/lib/server/classes.jsa
7bfe47000-7bff00000 rw-p 00000000 00:00 0
7bff00000-7bff6b000 rw-p 010a6000 00:00 274701                   /usr/lib/jvm/java-11-openjdk-amd64/lib/server/classes.jsa
7bff6b000-7c0000000 rw-p 00000000 00:00 0
7c0000000-800000000 ---p 00000000 00:00 0
800000000-800002000 rwxp 00001000 00:00 274701                   /usr/lib/jvm/java-11-openjdk-amd64/lib/server/classes.jsa
800002000-8003b9000 rw-p 00003000 00:00 274701                   /usr/lib/jvm/java-11-openjdk-amd64/lib/server/classes.jsa
8003b9000-800a96000 r--p 003ba000 00:00 274701                   /usr/lib/jvm/java-11-openjdk-amd64/lib/server/classes.jsa
800a96000-800a97000 rw-p 00a97000 00:00 274701                   /usr/lib/jvm/java-11-openjdk-amd64/lib/server/classes.jsa
800a97000-8010a5000 r--p 00a98000 00:00 274701                   /usr/lib/jvm/java-11-openjdk-amd64/lib/server/classes.jsa
840000000-840080000 rw-p 00000000 00:00 0
840080000-880000000 ---p 00000000 00:00 0
7f8b74000000-7f8b74021000 rw-p 00000000 00:00 0
7f8b74021000-7f8b78000000 ---p 00000000 00:00 0
7f8b7c000000-7f8b7c021000 rw-p 00000000 00:00 0
7f8b7c021000-7f8b80000000 ---p 00000000 00:00 0
7f8b80000000-7f8b80021000 rw-p 00000000 00:00 0
7f8b80021000-7f8b84000000 ---p 00000000 00:00 0
7f8b84000000-7f8b8406e000 rw-p 00000000 00:00 0
7f8b8406e000-7f8b88000000 ---p 00000000 00:00 0
7f8b88000000-7f8b88065000 rw-p 00000000 00:00 0
7f8b88065000-7f8b8c000000 ---p 00000000 00:00 0
7f8b8c000000-7f8b8c021000 rw-p 00000000 00:00 0
7f8b8c021000-7f8b90000000 ---p 00000000 00:00 0
7f8b90000000-7f8b90021000 rw-p 00000000 00:00 0
7f8b90021000-7f8b94000000 ---p 00000000 00:00 0
7f8b94000000-7f8b94021000 rw-p 00000000 00:00 0
7f8b94021000-7f8b98000000 ---p 00000000 00:00 0
7f8b98000000-7f8b98021000 rw-p 00000000 00:00 0
7f8b98021000-7f8b9c000000 ---p 00000000 00:00 0
7f8b9c000000-7f8b9c021000 rw-p 00000000 00:00 0
7f8b9c021000-7f8ba0000000 ---p 00000000 00:00 0
7f8ba0000000-7f8ba0021000 rw-p 00000000 00:00 0
7f8ba0021000-7f8ba4000000 ---p 00000000 00:00 0
7f8ba6db0000-7f8ba6db4000 ---p 00000000 00:00 0
7f8ba6db4000-7f8ba6eb1000 rw-p 00000000 00:00 0
7f8ba6ec0000-7f8ba6ec1000 ---p 00000000 00:00 0
7f8ba6ec1000-7f8ba6fc2000 rw-p 00000000 00:00 0
7f8ba6fd0000-7f8ba6fd4000 ---p 00000000 00:00 0
7f8ba6fd4000-7f8ba70d1000 rw-p 00000000 00:00 0
7f8ba70e0000-7f8ba70e4000 ---p 00000000 00:00 0
7f8ba70e4000-7f8ba71e1000 rw-p 00000000 00:00 0
7f8ba71f0000-7f8ba71f4000 ---p 00000000 00:00 0
7f8ba71f4000-7f8ba72f1000 rw-p 00000000 00:00 0
7f8ba7300000-7f8ba7304000 ---p 00000000 00:00 0
7f8ba7304000-7f8ba7401000 rw-p 00000000 00:00 0
7f8ba7410000-7f8ba7414000 ---p 00000000 00:00 0
7f8ba7414000-7f8ba7511000 rw-p 00000000 00:00 0
7f8ba751a000-7f8ba7800000 r--p 00000000 00:00 12439              /usr/lib/locale/locale-archive
7f8ba7800000-7f8ba7c40000 rw-p 00000000 00:00 0
7f8ba7c40000-7f8ba8000000 ---p 00000000 00:00 0
7f8ba8000000-7f8ba8021000 rw-p 00000000 00:00 0
7f8ba8021000-7f8bac000000 ---p 00000000 00:00 0
7f8bac000000-7f8bac021000 rw-p 00000000 00:00 0
7f8bac021000-7f8bb0000000 ---p 00000000 00:00 0
7f8bb0000000-7f8bb0021000 rw-p 00000000 00:00 0
7f8bb0021000-7f8bb4000000 ---p 00000000 00:00 0
7f8bb40e0000-7f8bb63e0000 rw-p 00000000 00:00 0
7f8bb63e0000-7f8bb8068000 ---p 00000000 00:00 0
7f8bb8068000-7f8bb8070000 rw-p 00000000 00:00 0
7f8bb8070000-7f8bb9070000 ---p 00000000 00:00 0
7f8bb9070000-7f8bb9370000 rw-p 00000000 00:00 0
7f8bb9370000-7f8bbaff8000 ---p 00000000 00:00 0
7f8bbaff8000-7f8bbb000000 rw-p 00000000 00:00 0
7f8bbb000000-7f8bbc000000 ---p 00000000 00:00 0
7f8bbc000000-7f8bbc021000 rw-p 00000000 00:00 0
7f8bbc021000-7f8bc0000000 ---p 00000000 00:00 0
7f8bc008b000-7f8bc00bd000 r--p 00000000 00:00 336806             /usr/lib/locale/C.UTF-8/LC_CTYPE
7f8bc00bd000-7f8bc0230000 r--p 00000000 00:00 336805             /usr/lib/locale/C.UTF-8/LC_COLLATE
7f8bc0230000-7f8bc0234000 ---p 00000000 00:00 0
7f8bc0234000-7f8bc0331000 rw-p 00000000 00:00 0
7f8bc0340000-7f8bc0344000 ---p 00000000 00:00 0
7f8bc0344000-7f8bc0441000 rw-p 00000000 00:00 0
7f8bc0450000-7f8bc0451000 ---p 00000000 00:00 0
7f8bc0451000-7f8bc0552000 rw-p 00000000 00:00 0
7f8bc0560000-7f8bc05e1000 rw-p 00000000 00:00 0
7f8bc05f0000-7f8bc064b000 rw-p 00000000 00:00 0
7f8bc0650000-7f8bc0651000 ---p 00000000 00:00 0
7f8bc0651000-7f8bc0752000 rw-p 00000000 00:00 0
7f8bc0760000-7f8bc0761000 ---p 00000000 00:00 0
7f8bc0761000-7f8bc0862000 rw-p 00000000 00:00 0
7f8bc0870000-7f8bc0ae0000 rwxp 00000000 00:00 0
7f8bc0ae0000-7f8bc0e00000 ---p 00000000 00:00 0
7f8bc0e00000-7f8bc1070000 rwxp 00000000 00:00 0
7f8bc1070000-7f8bc8338000 ---p 00000000 00:00 0
7f8bc8338000-7f8bc85a8000 rwxp 00000000 00:00 0
7f8bc85a8000-7f8bcf870000 ---p 00000000 00:00 0
7f8bcf878000-7f8bd8000000 r--s 00000000 00:00 252337             /usr/lib/jvm/java-11-openjdk-amd64/lib/modules
7f8bd8000000-7f8bd81fe000 rw-p 00000000 00:00 0
7f8bd81fe000-7f8bdc000000 ---p 00000000 00:00 0
7f8bdc010000-7f8bdc038000 rw-p 00000000 00:00 0
7f8bdc040000-7f8bdc061000 rw-p 00000000 00:00 0
7f8bdc070000-7f8bdc091000 rw-p 00000000 00:00 0
7f8bdc0a0000-7f8bdc1a1000 rw-p 00000000 00:00 0
7f8bdc1b0000-7f8bdc2b1000 rw-p 00000000 00:00 0
7f8bdc2c0000-7f8bdc3c1000 rw-p 00000000 00:00 0
7f8bdc3d0000-7f8bdc4d1000 rw-p 00000000 00:00 0
7f8bdc4e0000-7f8bdc4e1000 ---p 00000000 00:00 0
7f8bdc4e1000-7f8bdc5e2000 rw-p 00000000 00:00 0
7f8bdc5f0000-7f8bdc5f1000 ---p 00000000 00:00 0
7f8bdc5f1000-7f8bdc6f2000 rw-p 00000000 00:00 0
7f8bdc700000-7f8bdc766000 rw-p 00000000 00:00 0
7f8bdc770000-7f8bdc7d0000 rw-p 00000000 00:00 0
7f8bdc7d0000-7f8bdcb61000 ---p 00000000 00:00 0
7f8bdcb61000-7f8bdcb62000 rw-p 00000000 00:00 0
7f8bdcb62000-7f8bdcd62000 ---p 00000000 00:00 0
7f8bdcd70000-7f8bdcdd0000 rw-p 00000000 00:00 0
7f8bdcdd0000-7f8bdd161000 ---p 00000000 00:00 0
7f8bdd161000-7f8bdd162000 rw-p 00000000 00:00 0
7f8bdd162000-7f8bdd362000 ---p 00000000 00:00 0
7f8bdd370000-7f8bdd3d0000 rw-p 00000000 00:00 0
7f8bdd3d0000-7f8bdd761000 ---p 00000000 00:00 0
7f8bdd761000-7f8bdd762000 rw-p 00000000 00:00 0
7f8bdd762000-7f8bdd962000 ---p 00000000 00:00 0
7f8bdd970000-7f8bdda71000 rw-p 00000000 00:00 0
7f8bdda80000-7f8bddb81000 rw-p 00000000 00:00 0
7f8bddb90000-7f8bddc91000 rw-p 00000000 00:00 0
7f8bddca0000-7f8bddda1000 rw-p 00000000 00:00 0
7f8bdddb0000-7f8bdddb1000 ---p 00000000 00:00 0
7f8bdddb1000-7f8bddeb2000 rw-p 00000000 00:00 0
7f8bddec0000-7f8bddec5000 rw-p 00000000 00:00 0
7f8bddec5000-7f8bddfab000 ---p 00000000 00:00 0
7f8bddfb0000-7f8bddfb5000 rw-p 00000000 00:00 0
7f8bddfb5000-7f8bde09b000 ---p 00000000 00:00 0
7f8bde0a0000-7f8bde0a5000 rw-p 00000000 00:00 0
7f8bde0a5000-7f8bde0ac000 ---p 00000000 00:00 0
7f8bde0b0000-7f8bde0b2000 r--p 00000000 00:00 252329             /usr/lib/jvm/java-11-openjdk-amd64/lib/libzip.so
7f8bde0b2000-7f8bde0b6000 r-xp 00002000 00:00 252329             /usr/lib/jvm/java-11-openjdk-amd64/lib/libzip.so
7f8bde0b6000-7f8bde0b8000 r--p 00006000 00:00 252329             /usr/lib/jvm/java-11-openjdk-amd64/lib/libzip.so
7f8bde0b8000-7f8bde0b9000 r--p 00007000 00:00 252329             /usr/lib/jvm/java-11-openjdk-amd64/lib/libzip.so
7f8bde0b9000-7f8bde0ba000 rw-p 00008000 00:00 252329             /usr/lib/jvm/java-11-openjdk-amd64/lib/libzip.so
7f8bde0c0000-7f8bde0c3000 r--p 00000000 00:00 284172             /usr/lib/x86_64-linux-gnu/libnss_files-2.31.so
7f8bde0c3000-7f8bde0ca000 r-xp 00003000 00:00 284172             /usr/lib/x86_64-linux-gnu/libnss_files-2.31.so
7f8bde0ca000-7f8bde0cc000 r--p 0000a000 00:00 284172             /usr/lib/x86_64-linux-gnu/libnss_files-2.31.so
7f8bde0cc000-7f8bde0cd000 r--p 0000b000 00:00 284172             /usr/lib/x86_64-linux-gnu/libnss_files-2.31.so
7f8bde0cd000-7f8bde0ce000 rw-p 0000c000 00:00 284172             /usr/lib/x86_64-linux-gnu/libnss_files-2.31.so
7f8bde0ce000-7f8bde0d4000 rw-p 00000000 00:00 0
7f8bde0e0000-7f8bde0e1000 ---p 00000000 00:00 0
7f8bde0e1000-7f8bde0e2000 r--p 00000000 00:00 0
7f8bde0f0000-7f8bde0f2000 r--p 00000000 00:00 249148             /usr/lib/jvm/java-11-openjdk-amd64/lib/libjimage.so
7f8bde0f2000-7f8bde0f5000 r-xp 00002000 00:00 249148             /usr/lib/jvm/java-11-openjdk-amd64/lib/libjimage.so
7f8bde0f5000-7f8bde0f6000 r--p 00005000 00:00 249148             /usr/lib/jvm/java-11-openjdk-amd64/lib/libjimage.so
7f8bde0f6000-7f8bde0f7000 ---p 00006000 00:00 249148             /usr/lib/jvm/java-11-openjdk-amd64/lib/libjimage.so
7f8bde0f7000-7f8bde0f8000 r--p 00006000 00:00 249148             /usr/lib/jvm/java-11-openjdk-amd64/lib/libjimage.so
7f8bde0f8000-7f8bde0f9000 rw-p 00007000 00:00 249148             /usr/lib/jvm/java-11-openjdk-amd64/lib/libjimage.so
7f8bde100000-7f8bde10e000 r--p 00000000 00:00 249028             /usr/lib/jvm/java-11-openjdk-amd64/lib/libjava.so
7f8bde10e000-7f8bde124000 r-xp 0000e000 00:00 249028             /usr/lib/jvm/java-11-openjdk-amd64/lib/libjava.so
7f8bde124000-7f8bde12b000 r--p 00024000 00:00 249028             /usr/lib/jvm/java-11-openjdk-amd64/lib/libjava.so
7f8bde12b000-7f8bde12c000 r--p 0002a000 00:00 249028             /usr/lib/jvm/java-11-openjdk-amd64/lib/libjava.so
7f8bde12c000-7f8bde12d000 rw-p 0002b000 00:00 249028             /usr/lib/jvm/java-11-openjdk-amd64/lib/libjava.so
7f8bde12d000-7f8bde12e000 rw-p 00000000 00:00 0
7f8bde130000-7f8bde135000 r--p 00000000 00:00 252317             /usr/lib/jvm/java-11-openjdk-amd64/lib/libverify.so
7f8bde135000-7f8bde13c000 r-xp 00005000 00:00 252317             /usr/lib/jvm/java-11-openjdk-amd64/lib/libverify.so
7f8bde13c000-7f8bde13e000 r--p 0000c000 00:00 252317             /usr/lib/jvm/java-11-openjdk-amd64/lib/libverify.so
7f8bde13e000-7f8bde13f000 ---p 0000e000 00:00 252317             /usr/lib/jvm/java-11-openjdk-amd64/lib/libverify.so
7f8bde13f000-7f8bde141000 r--p 0000e000 00:00 252317             /usr/lib/jvm/java-11-openjdk-amd64/lib/libverify.so
7f8bde141000-7f8bde142000 rw-p 00010000 00:00 252317             /usr/lib/jvm/java-11-openjdk-amd64/lib/libverify.so
7f8bde150000-7f8bde153000 r--p 00000000 00:00 284180             /usr/lib/x86_64-linux-gnu/librt-2.31.so
7f8bde153000-7f8bde157000 r-xp 00003000 00:00 284180             /usr/lib/x86_64-linux-gnu/librt-2.31.so
7f8bde157000-7f8bde158000 r--p 00007000 00:00 284180             /usr/lib/x86_64-linux-gnu/librt-2.31.so
7f8bde158000-7f8bde159000 ---p 00008000 00:00 284180             /usr/lib/x86_64-linux-gnu/librt-2.31.so
7f8bde159000-7f8bde15a000 r--p 00008000 00:00 284180             /usr/lib/x86_64-linux-gnu/librt-2.31.so
7f8bde15a000-7f8bde15b000 rw-p 00009000 00:00 284180             /usr/lib/x86_64-linux-gnu/librt-2.31.so
7f8bde160000-7f8bde164000 ---p 00000000 00:00 0
7f8bde164000-7f8bde261000 rw-p 00000000 00:00 0
7f8bde270000-7f8bde273000 r--p 00000000 00:00 503362             /usr/lib/x86_64-linux-gnu/libgcc_s.so.1
7f8bde273000-7f8bde285000 r-xp 00003000 00:00 503362             /usr/lib/x86_64-linux-gnu/libgcc_s.so.1
7f8bde285000-7f8bde289000 r--p 00015000 00:00 503362             /usr/lib/x86_64-linux-gnu/libgcc_s.so.1
7f8bde289000-7f8bde28a000 r--p 00018000 00:00 503362             /usr/lib/x86_64-linux-gnu/libgcc_s.so.1
7f8bde28a000-7f8bde28b000 rw-p 00019000 00:00 503362             /usr/lib/x86_64-linux-gnu/libgcc_s.so.1
7f8bde291000-7f8bde2a0000 r--p 00000000 00:00 284162             /usr/lib/x86_64-linux-gnu/libm-2.31.so
7f8bde2a0000-7f8bde347000 r-xp 0000f000 00:00 284162             /usr/lib/x86_64-linux-gnu/libm-2.31.so
7f8bde347000-7f8bde3de000 r--p 000b6000 00:00 284162             /usr/lib/x86_64-linux-gnu/libm-2.31.so
7f8bde3de000-7f8bde3df000 r--p 0014c000 00:00 284162             /usr/lib/x86_64-linux-gnu/libm-2.31.so
7f8bde3df000-7f8bde3e0000 rw-p 0014d000 00:00 284162             /usr/lib/x86_64-linux-gnu/libm-2.31.so
7f8bde3e0000-7f8bde476000 r--p 00000000 00:00 506533             /usr/lib/x86_64-linux-gnu/libstdc++.so.6.0.28
7f8bde476000-7f8bde566000 r-xp 00096000 00:00 506533             /usr/lib/x86_64-linux-gnu/libstdc++.so.6.0.28
7f8bde566000-7f8bde5af000 r--p 00186000 00:00 506533             /usr/lib/x86_64-linux-gnu/libstdc++.so.6.0.28
7f8bde5af000-7f8bde5b0000 ---p 001cf000 00:00 506533             /usr/lib/x86_64-linux-gnu/libstdc++.so.6.0.28
7f8bde5b0000-7f8bde5bb000 r--p 001cf000 00:00 506533             /usr/lib/x86_64-linux-gnu/libstdc++.so.6.0.28
7f8bde5bb000-7f8bde5be000 rw-p 001da000 00:00 506533             /usr/lib/x86_64-linux-gnu/libstdc++.so.6.0.28
7f8bde5be000-7f8bde5c1000 rw-p 00000000 00:00 0
7f8bde5d0000-7f8bde84a000 r--p 00000000 00:00 252656             /usr/lib/jvm/java-11-openjdk-amd64/lib/server/libjvm.so
7f8bde84a000-7f8bdf4cf000 r-xp 0027a000 00:00 252656             /usr/lib/jvm/java-11-openjdk-amd64/lib/server/libjvm.so
7f8bdf4cf000-7f8bdf726000 r--p 00eff000 00:00 252656             /usr/lib/jvm/java-11-openjdk-amd64/lib/server/libjvm.so
7f8bdf726000-7f8bdf7e7000 r--p 01155000 00:00 252656             /usr/lib/jvm/java-11-openjdk-amd64/lib/server/libjvm.so
7f8bdf7e7000-7f8bdf822000 rw-p 01216000 00:00 252656             /usr/lib/jvm/java-11-openjdk-amd64/lib/server/libjvm.so
7f8bdf822000-7f8bdf879000 rw-p 00000000 00:00 0
7f8bdf880000-7f8bdf882000 rw-p 00000000 00:00 0
7f8bdf88d000-7f8bdf894000 r--p 00000000 00:00 284178             /usr/lib/x86_64-linux-gnu/libpthread-2.31.so
7f8bdf894000-7f8bdf8a5000 r-xp 00007000 00:00 284178             /usr/lib/x86_64-linux-gnu/libpthread-2.31.so
7f8bdf8a5000-7f8bdf8aa000 r--p 00018000 00:00 284178             /usr/lib/x86_64-linux-gnu/libpthread-2.31.so
7f8bdf8aa000-7f8bdf8ab000 r--p 0001c000 00:00 284178             /usr/lib/x86_64-linux-gnu/libpthread-2.31.so
7f8bdf8ab000-7f8bdf8ac000 rw-p 0001d000 00:00 284178             /usr/lib/x86_64-linux-gnu/libpthread-2.31.so
7f8bdf8ac000-7f8bdf8b0000 rw-p 00000000 00:00 0
7f8bdf8b0000-7f8bdf8b1000 r--p 00000000 00:00 284160             /usr/lib/x86_64-linux-gnu/libdl-2.31.so
7f8bdf8b1000-7f8bdf8b3000 r-xp 00001000 00:00 284160             /usr/lib/x86_64-linux-gnu/libdl-2.31.so
7f8bdf8b3000-7f8bdf8b4000 r--p 00003000 00:00 284160             /usr/lib/x86_64-linux-gnu/libdl-2.31.so
7f8bdf8b4000-7f8bdf8b5000 r--p 00003000 00:00 284160             /usr/lib/x86_64-linux-gnu/libdl-2.31.so
7f8bdf8b5000-7f8bdf8b6000 rw-p 00004000 00:00 284160             /usr/lib/x86_64-linux-gnu/libdl-2.31.so
7f8bdf8c0000-7f8bdf8c2000 r--p 00000000 00:00 403703             /usr/lib/x86_64-linux-gnu/libz.so.1.2.11
7f8bdf8c2000-7f8bdf8d3000 r-xp 00002000 00:00 403703             /usr/lib/x86_64-linux-gnu/libz.so.1.2.11
7f8bdf8d3000-7f8bdf8d9000 r--p 00013000 00:00 403703             /usr/lib/x86_64-linux-gnu/libz.so.1.2.11
7f8bdf8d9000-7f8bdf8da000 ---p 00019000 00:00 403703             /usr/lib/x86_64-linux-gnu/libz.so.1.2.11
7f8bdf8da000-7f8bdf8db000 r--p 00019000 00:00 403703             /usr/lib/x86_64-linux-gnu/libz.so.1.2.11
7f8bdf8db000-7f8bdf8dc000 rw-p 0001a000 00:00 403703             /usr/lib/x86_64-linux-gnu/libz.so.1.2.11
7f8bdf8e0000-7f8bdf905000 r--p 00000000 00:00 284155             /usr/lib/x86_64-linux-gnu/libc-2.31.so
7f8bdf905000-7f8bdfa7d000 r-xp 00025000 00:00 284155             /usr/lib/x86_64-linux-gnu/libc-2.31.so
7f8bdfa7d000-7f8bdfac7000 r--p 0019d000 00:00 284155             /usr/lib/x86_64-linux-gnu/libc-2.31.so
7f8bdfac7000-7f8bdfac8000 ---p 001e7000 00:00 284155             /usr/lib/x86_64-linux-gnu/libc-2.31.so
7f8bdfac8000-7f8bdfacb000 r--p 001e7000 00:00 284155             /usr/lib/x86_64-linux-gnu/libc-2.31.so
7f8bdfacb000-7f8bdface000 rw-p 001ea000 00:00 284155             /usr/lib/x86_64-linux-gnu/libc-2.31.so
7f8bdface000-7f8bdfad2000 rw-p 00000000 00:00 0
7f8bdfae0000-7f8bdfae3000 r--p 00000000 00:00 248862             /usr/lib/jvm/java-11-openjdk-amd64/lib/jli/libjli.so
7f8bdfae3000-7f8bdfaed000 r-xp 00003000 00:00 248862             /usr/lib/jvm/java-11-openjdk-amd64/lib/jli/libjli.so
7f8bdfaed000-7f8bdfaf0000 r--p 0000d000 00:00 248862             /usr/lib/jvm/java-11-openjdk-amd64/lib/jli/libjli.so
7f8bdfaf0000-7f8bdfaf1000 ---p 00010000 00:00 248862             /usr/lib/jvm/java-11-openjdk-amd64/lib/jli/libjli.so
7f8bdfaf1000-7f8bdfaf2000 r--p 00010000 00:00 248862             /usr/lib/jvm/java-11-openjdk-amd64/lib/jli/libjli.so
7f8bdfaf2000-7f8bdfaf3000 rw-p 00011000 00:00 248862             /usr/lib/jvm/java-11-openjdk-amd64/lib/jli/libjli.so
7f8bdfaf4000-7f8bdfaf5000 r--p 00000000 00:00 336812             /usr/lib/locale/C.UTF-8/LC_NUMERIC
7f8bdfaf5000-7f8bdfaf6000 r--p 00000000 00:00 336815             /usr/lib/locale/C.UTF-8/LC_TIME
7f8bdfaf6000-7f8bdfaf7000 r--p 00000000 00:00 336810             /usr/lib/locale/C.UTF-8/LC_MONETARY
7f8bdfaf7000-7f8bdfaf8000 r--p 00000000 00:00 336809             /usr/lib/locale/C.UTF-8/LC_MESSAGES/SYS_LC_MESSAGES
7f8bdfaf8000-7f8bdfaf9000 r--p 00000000 00:00 336813             /usr/lib/locale/C.UTF-8/LC_PAPER
7f8bdfaf9000-7f8bdfb00000 r--s 00000000 00:00 284485             /usr/lib/x86_64-linux-gnu/gconv/gconv-modules.cache
7f8bdfb00000-7f8bdfb02000 rw-p 00000000 00:00 0
7f8bdfb02000-7f8bdfb03000 r--p 00000000 00:00 336811             /usr/lib/locale/C.UTF-8/LC_NAME
7f8bdfb03000-7f8bdfb04000 r--p 00000000 00:00 336804             /usr/lib/locale/C.UTF-8/LC_ADDRESS
7f8bdfb04000-7f8bdfb05000 r--p 00000000 00:00 336814             /usr/lib/locale/C.UTF-8/LC_TELEPHONE
7f8bdfb05000-7f8bdfb06000 r--p 00000000 00:00 336808             /usr/lib/locale/C.UTF-8/LC_MEASUREMENT
7f8bdfb06000-7f8bdfb08000 r--s 0000c000 00:00 270198             /usr/share/java/java-atk-wrapper.jar
7f8bdfb08000-7f8bdfb10000 rw-s 00000000 00:00 70070              /tmp/hsperfdata_shon/15469
7f8bdfb10000-7f8bdfb11000 r--p 00000000 00:00 284151             /usr/lib/x86_64-linux-gnu/ld-2.31.so
7f8bdfb11000-7f8bdfb33000 r-xp 00001000 00:00 284151             /usr/lib/x86_64-linux-gnu/ld-2.31.so
7f8bdfb33000-7f8bdfb34000 r-xp 00023000 00:00 284151             /usr/lib/x86_64-linux-gnu/ld-2.31.so
7f8bdfb34000-7f8bdfb3b000 r--p 00024000 00:00 284151             /usr/lib/x86_64-linux-gnu/ld-2.31.so
7f8bdfb3b000-7f8bdfb3c000 r--p 0002b000 00:00 284151             /usr/lib/x86_64-linux-gnu/ld-2.31.so
7f8bdfb3c000-7f8bdfb3d000 r--p 00000000 00:00 336807             /usr/lib/locale/C.UTF-8/LC_IDENTIFICATION
7f8bdfb3d000-7f8bdfb3e000 r--p 0002c000 00:00 284151             /usr/lib/x86_64-linux-gnu/ld-2.31.so
7f8bdfb3e000-7f8bdfb3f000 rw-p 0002d000 00:00 284151             /usr/lib/x86_64-linux-gnu/ld-2.31.so
7f8bdfb3f000-7f8bdfb40000 rw-p 00000000 00:00 0
7f8bdfb40000-7f8bdfb41000 r--p 00000000 00:00 243156             /usr/lib/jvm/java-11-openjdk-amd64/bin/java
7f8bdfb41000-7f8bdfb42000 r-xp 00001000 00:00 243156             /usr/lib/jvm/java-11-openjdk-amd64/bin/java
7f8bdfb42000-7f8bdfb43000 r--p 00002000 00:00 243156             /usr/lib/jvm/java-11-openjdk-amd64/bin/java
7f8bdfb43000-7f8bdfb44000 r--p 00002000 00:00 243156             /usr/lib/jvm/java-11-openjdk-amd64/bin/java
7f8bdfb44000-7f8bdfb45000 rw-p 00003000 00:00 243156             /usr/lib/jvm/java-11-openjdk-amd64/bin/java
7fffdc903000-7fffdc924000 rw-p 00000000 00:00 0                  [heap]
7fffe489c000-7fffe509c000 rw-p 00000000 00:00 0                  [stack]
7fffe5558000-7fffe5559000 r-xp 00000000 00:00 0                  [vdso]


VM Arguments:
jvm_args: -Xverify:none 
java_command: Main
java_class_path (initial): .
Launcher Type: SUN_STANDARD

[Global flags]
     bool BytecodeVerificationLocal                = false                                     {product} {command line}
     bool BytecodeVerificationRemote               = false                                     {product} {command line}
     intx CICompilerCount                          = 3                                         {product} {ergonomic}
     uint ConcGCThreads                            = 1                                         {product} {ergonomic}
     uint G1ConcRefinementThreads                  = 4                                         {product} {ergonomic}
   size_t G1HeapRegionSize                         = 1048576                                   {product} {ergonomic}
    uintx GCDrainStackTargetSize                   = 64                                        {product} {ergonomic}
   size_t InitialHeapSize                          = 201326592                                 {product} {ergonomic}
   size_t MarkStackSize                            = 4194304                                   {product} {ergonomic}
   size_t MaxHeapSize                              = 3191865344                                {product} {ergonomic}
   size_t MaxNewSize                               = 1914699776                                {product} {ergonomic}
   size_t MinHeapDeltaBytes                        = 1048576                                   {product} {ergonomic}
    uintx NonNMethodCodeHeapSize                   = 5830732                                {pd product} {ergonomic}
    uintx NonProfiledCodeHeapSize                  = 122913754                              {pd product} {ergonomic}
    uintx ProfiledCodeHeapSize                     = 122913754                              {pd product} {ergonomic}
    uintx ReservedCodeCacheSize                    = 251658240                              {pd product} {ergonomic}
     bool SegmentedCodeCache                       = true                                      {product} {ergonomic}
     bool UseCompressedClassPointers               = true                                 {lp64_product} {ergonomic}
     bool UseCompressedOops                        = true                                 {lp64_product} {ergonomic}
     bool UseG1GC                                  = true                                      {product} {ergonomic}

Logging:
Log output configuration:
 #0: stdout all=warning uptime,level,tags
 #1: stderr all=off uptime,level,tags

Environment Variables:
PATH=/usr/local/sbin:/usr/local/bin:/usr/sbin:/usr/bin:/sbin:/bin:/usr/games:/usr/local/games:/mnt/c/Program Files/Java/jdk-14.0.2/bin:/mnt/c/Program Files (x86)/Intel/iCLS Client/:/mnt/c/Program Files/Intel/iCLS Client/:/mnt/c/Windows/system32:/mnt/c/Windows:/mnt/c/Windows/System32/Wbem:/mnt/c/Windows/System32/WindowsPowerShell/v1.0/:/mnt/c/Program Files (x86)/Intel/Intel(R) Management Engine Components/DAL:/mnt/c/Program Files/Intel/Intel(R) Management Engine Components/DAL:/mnt/c/Program Files (x86)/Intel/Intel(R) Management Engine Components/IPT:/mnt/c/Program Files/Intel/Intel(R) Management Engine Components/IPT:/mnt/c/WINDOWS/system32:/mnt/c/WINDOWS:/mnt/c/WINDOWS/System32/Wbem:/mnt/c/WINDOWS/System32/WindowsPowerShell/v1.0/:/mnt/c/WINDOWS/System32/OpenSSH/:/mnt/c/Program Files (x86)/mingw-w64/i686-8.1.0-posix-dwarf-rt_v6-rev0/mingw32/bin:/mnt/c/Program Files/Intel/WiFi/bin/:/mnt/c/Program Files/Common Files/Intel/WirelessCommon/:/mnt/c/Program Files/NVIDIA Corporation/NVIDIA NvDLISR:/mnt/c/Program Files (x86)/GtkSharp/2.12/bin:/mnt/c/Program Files/dotnet/:/mnt/c/Users/10288/.dnx/bin:/mnt/c/Program Files/Microsoft DNX/Dnvm/:/mnt/c/Program Files/Microsoft SQL Server/130/Tools/Binn/:/mnt/c/Program Files (x86)/Microsoft SQL Server/110/DTS/Binn/:/mnt/c/Program Files (x86)/Microsoft SQL Server/120/DTS/Binn/:/mnt/c/Program Files (x86)/Microsoft SQL Server/130/DTS/Binn/:/mnt/c/Program Files (x86)/Microsoft SQL Server/140/DTS/Binn/:/mnt/c/Program Files/Microchip/xc8/v2.30/bin:/mnt/d/Git/cmd:/mnt/c/Program Files (x86)/NVIDIA Corporation/PhysX/Common:/mnt/c/WINDOWS/system32:/mnt/c/WINDOWS:/mnt/c/WINDOWS/System32/Wbem:/mnt/c/WINDOWS/System32/WindowsPowerShell/v1.0/:/mnt/d/Microsoft VS Code/bin:/mnt/c/Users/10288/AppData/Local/Programs/Python/Python39/Scripts/:/mnt/c/Users/10288/AppData/Local/Programs/Python/Python39/:/mnt/c/Users/10288/AppData/Local/Microsoft/WindowsApps:/mnt/c/Program Files/Java/jdk-11.0.1/bin:/mnt/d/MinGW64/bin:/mnt/d/Dev C++/DevCppPortable/MinGW64/bin:/m
SHELL=/bin/bash
HOSTTYPE=x86_64
LANG=C.UTF-8

Signal Handlers:
SIGSEGV: [libjvm.so+0xe8ba00], sa_mask[0]=11111111111111111111111111111110, sa_flags=SA_RESTART|SA_SIGINFO
SIGBUS: [libjvm.so+0xe8ba00], sa_mask[0]=11111111111111111111111111111110, sa_flags=SA_RESTART|SA_SIGINFO
SIGFPE: [libjvm.so+0xe8ba00], sa_mask[0]=11111111111111111111111111111110, sa_flags=SA_RESTART|SA_SIGINFO
SIGPIPE: [libjvm.so+0xbd10f0], sa_mask[0]=11111111111111111111111111111110, sa_flags=SA_RESTART|SA_SIGINFO
SIGXFSZ: [libjvm.so+0xbd10f0], sa_mask[0]=11111111111111111111111111111110, sa_flags=SA_RESTART|SA_SIGINFO
SIGILL: [libjvm.so+0xe8ba00], sa_mask[0]=11111111111111111111111111111110, sa_flags=SA_RESTART|SA_SIGINFO
SIGUSR2: [libjvm.so+0xbd0f90], sa_mask[0]=00000000000000000000000000000000, sa_flags=SA_RESTART|SA_SIGINFO
SIGHUP: [libjvm.so+0xbd1430], sa_mask[0]=11111111111111111111111111111110, sa_flags=SA_RESTART|SA_SIGINFO
SIGINT: [libjvm.so+0xbd1430], sa_mask[0]=11111111111111111111111111111110, sa_flags=SA_RESTART|SA_SIGINFO
SIGTERM: [libjvm.so+0xbd1430], sa_mask[0]=11111111111111111111111111111110, sa_flags=SA_RESTART|SA_SIGINFO
SIGQUIT: [libjvm.so+0xbd1430], sa_mask[0]=11111111111111111111111111111110, sa_flags=SA_RESTART|SA_SIGINFO


---------------  S Y S T E M  ---------------

OS:DISTRIB_ID=Ubuntu
DISTRIB_RELEASE=20.04
DISTRIB_CODENAME=focal
DISTRIB_DESCRIPTION="Ubuntu 20.04.2 LTS"
uname:Linux 4.4.0-19041-Microsoft #488-Microsoft Mon Sep 01 13:43:00 PST 2020 x86_64
OS uptime: 0 days 23:56 hours
libc:glibc 2.31 NPTL 2.31 
rlimit (soft/hard): STACK 8192k/8192k , CORE 0k/infinity , NPROC 7823/7823 , NOFILE 65536/65536 , AS infinity/infinity , CPU infinity/infinity , DATA infinity/infinity , FSIZE infinity/infinity , MEMLOCK 64k/64k
load average:0.52 0.58 0.59

/proc/meminfo:
MemTotal:       12461276 kB
MemFree:         3773776 kB
Buffers:           34032 kB
Cached:           188576 kB
SwapCached:            0 kB
Active:           167556 kB
Inactive:         157876 kB
Active(anon):     103104 kB
Inactive(anon):    17440 kB
Active(file):      64452 kB
Inactive(file):   140436 kB
Unevictable:           0 kB
Mlocked:               0 kB
SwapTotal:      15387988 kB
SwapFree:       14236744 kB
Dirty:                 0 kB
Writeback:             0 kB
AnonPages:        102824 kB
Mapped:            71404 kB
Shmem:             17720 kB
Slab:              13868 kB
SReclaimable:       6744 kB
SUnreclaim:         7124 kB
KernelStack:        2848 kB
PageTables:         2524 kB
NFS_Unstable:          0 kB
Bounce:                0 kB
WritebackTmp:          0 kB
CommitLimit:      515524 kB
Committed_AS:    3450064 kB
VmallocTotal:     122880 kB
VmallocUsed:       21296 kB
VmallocChunk:      66044 kB
HardwareCorrupted:     0 kB
AnonHugePages:      2048 kB
HugePages_Total:       0
HugePages_Free:        0
HugePages_Rsvd:        0
HugePages_Surp:        0
Hugepagesize:       2048 kB
DirectMap4k:       12280 kB
DirectMap4M:      897024 kB

/sys/kernel/mm/transparent_hugepage/enabled:
<Not Available>
/sys/kernel/mm/transparent_hugepage/defrag (defrag/compaction efforts parameter):
<Not Available>

Process Memory:
Virtual Size: 5839368K (peak: 0K)
Resident Set Size: 25048K (peak: 0K)
C-Heap outstanding allocations: 3057K

/proc/sys/kernel/threads-max (system-wide limit on the number of threads):
32768
/proc/sys/vm/max_map_count (maximum number of memory map areas a process may have):
<Not Available>
/proc/sys/kernel/pid_max (system-wide limit on number of process identifiers):
32768

Steal ticks since vm start: 0
Steal ticks percentage since vm start:  0.000

CPU:total 4 (initial active 4) (4 cores per cpu, 1 threads per core) family 6 model 158 stepping 9 microcode 0xffffffff, cmov, cx8, fxsr, mmx, sse, sse2, sse3, ssse3, sse4.1, sse4.2, popcnt, avx, avx2, aes, clmul, erms, 3dnowpref, lzcnt, tsc, tscinvbit, bmi1, bmi2, adx, fma
CPU Model and flags from /proc/cpuinfo:
model name	: Intel(R) Core(TM) i5-7300HQ CPU @ 2.50GHz
flags		: fpu vme de pse tsc msr pae mce cx8 apic sep mtrr pge mca cmov pat pse36 clflush dts acpi mmx fxsr sse sse2 ss ht tm pbe syscall nx pdpe1gb rdtscp lm pni pclmulqdq dtes64 monitor ds_cpl vmx est tm2 ssse3 fma cx16 xtpr pdcm pcid sse4_1 sse4_2 x2apic movbe popcnt tsc_deadline_timer aes xsave osxsave avx f16c rdrand lahf_lm abm 3dnowprefetch fsgsbase tsc_adjust bmi1 avx2 smep bmi2 erms invpcid mpx rdseed adx smap clflushopt intel_pt ibrs ibpb stibp ssbd
Online cpus:
0-3
Offline cpus:
<Not Available>
BIOS frequency limitation:
<Not Available>
Frequency switch latency (ns):
<Not Available>
Available cpu frequencies:
<Not Available>
Current governor:
<Not Available>
Core performance/turbo boost:
<Not Available>

Memory: 4k page, physical 12461276k(3773776k free), swap 15387988k(14236744k free)

vm_info: OpenJDK 64-Bit Server VM (11.0.11+9-Ubuntu-0ubuntu2.20.04) for linux-amd64 JRE (11.0.11+9-Ubuntu-0ubuntu2.20.04), built on Apr 21 2021 09:15:32 by "unknown" with gcc 9.3.0

END.
